ERROR - 2021-06-30 00:30:42 --> mysqli_sql_exception: Table 'ppd.ppd_config' doesn't exist in C:\laragon\www\ppd-online\ppd\framework\Database\MySQLi\Connection.php:314
Stack trace:
#0 C:\laragon\www\ppd-online\ppd\framework\Database\MySQLi\Connection.php(314): mysqli->query('SELECT *\nFROM `...')
#1 C:\laragon\www\ppd-online\ppd\framework\Database\BaseConnection.php(713): CodeIgniter\Database\MySQLi\Connection->execute('SELECT *\nFROM `...')
#2 C:\laragon\www\ppd-online\ppd\framework\Database\BaseConnection.php(641): CodeIgniter\Database\BaseConnection->simpleQuery('SELECT *\nFROM `...')
#3 C:\laragon\www\ppd-online\ppd\framework\Database\BaseBuilder.php(1866): CodeIgniter\Database\BaseConnection->query('SELECT *\nFROM `...', Array, false)
#4 C:\laragon\www\ppd-online\ppd\app\Libraries\Settings.php(20): CodeIgniter\Database\BaseBuilder->get()
#5 C:\laragon\www\ppd-online\ppd\app\Filters\UserAuth.php(22): App\Libraries\Settings->config('maintenance')
#6 C:\laragon\www\ppd-online\ppd\framework\Filters\Filters.php(181): App\Filters\UserAuth->before(Object(CodeIgniter\HTTP\IncomingRequest), Array)
#7 C:\laragon\www\ppd-online\ppd\framework\CodeIgniter.php(403): CodeIgniter\Filters\Filters->run('id', 'before')
#8 C:\laragon\www\ppd-online\ppd\framework\CodeIgniter.php(333): CodeIgniter\CodeIgniter->handleRequest(NULL, Object(Config\Cache), false)
#9 C:\laragon\www\ppd-online\index.php(44): CodeIgniter\CodeIgniter->run()
#10 {main}
CRITICAL - 2021-06-30 00:30:42 --> Table 'ppd.ppd_config' doesn't exist
#0 C:\laragon\www\ppd-online\ppd\framework\Database\MySQLi\Connection.php(314): mysqli->query('SELECT *\nFROM `...')
#1 C:\laragon\www\ppd-online\ppd\framework\Database\BaseConnection.php(713): CodeIgniter\Database\MySQLi\Connection->execute('SELECT *\nFROM `...')
#2 C:\laragon\www\ppd-online\ppd\framework\Database\BaseConnection.php(641): CodeIgniter\Database\BaseConnection->simpleQuery('SELECT *\nFROM `...')
#3 C:\laragon\www\ppd-online\ppd\framework\Database\BaseBuilder.php(1866): CodeIgniter\Database\BaseConnection->query('SELECT *\nFROM `...', Array, false)
#4 C:\laragon\www\ppd-online\ppd\app\Libraries\Settings.php(20): CodeIgniter\Database\BaseBuilder->get()
#5 C:\laragon\www\ppd-online\ppd\app\Filters\UserAuth.php(22): App\Libraries\Settings->config('maintenance')
#6 C:\laragon\www\ppd-online\ppd\framework\Filters\Filters.php(181): App\Filters\UserAuth->before(Object(CodeIgniter\HTTP\IncomingRequest), Array)
#7 C:\laragon\www\ppd-online\ppd\framework\CodeIgniter.php(403): CodeIgniter\Filters\Filters->run('id', 'before')
#8 C:\laragon\www\ppd-online\ppd\framework\CodeIgniter.php(333): CodeIgniter\CodeIgniter->handleRequest(NULL, Object(Config\Cache), false)
#9 C:\laragon\www\ppd-online\index.php(44): CodeIgniter\CodeIgniter->run()
#10 {main}
ERROR - 2021-06-30 00:30:49 --> mysqli_sql_exception: Table 'ppd.ppd_config' doesn't exist in C:\laragon\www\ppd-online\ppd\framework\Database\MySQLi\Connection.php:314
Stack trace:
#0 C:\laragon\www\ppd-online\ppd\framework\Database\MySQLi\Connection.php(314): mysqli->query('SELECT *\nFROM `...')
#1 C:\laragon\www\ppd-online\ppd\framework\Database\BaseConnection.php(713): CodeIgniter\Database\MySQLi\Connection->execute('SELECT *\nFROM `...')
#2 C:\laragon\www\ppd-online\ppd\framework\Database\BaseConnection.php(641): CodeIgniter\Database\BaseConnection->simpleQuery('SELECT *\nFROM `...')
#3 C:\laragon\www\ppd-online\ppd\framework\Database\BaseBuilder.php(1866): CodeIgniter\Database\BaseConnection->query('SELECT *\nFROM `...', Array, false)
#4 C:\laragon\www\ppd-online\ppd\app\Libraries\Settings.php(20): CodeIgniter\Database\BaseBuilder->get()
#5 C:\laragon\www\ppd-online\ppd\app\Filters\UserAuth.php(22): App\Libraries\Settings->config('maintenance')
#6 C:\laragon\www\ppd-online\ppd\framework\Filters\Filters.php(181): App\Filters\UserAuth->before(Object(CodeIgniter\HTTP\IncomingRequest), Array)
#7 C:\laragon\www\ppd-online\ppd\framework\CodeIgniter.php(403): CodeIgniter\Filters\Filters->run('id', 'before')
#8 C:\laragon\www\ppd-online\ppd\framework\CodeIgniter.php(333): CodeIgniter\CodeIgniter->handleRequest(NULL, Object(Config\Cache), false)
#9 C:\laragon\www\ppd-online\index.php(44): CodeIgniter\CodeIgniter->run()
#10 {main}
CRITICAL - 2021-06-30 00:30:49 --> Table 'ppd.ppd_config' doesn't exist
#0 C:\laragon\www\ppd-online\ppd\framework\Database\MySQLi\Connection.php(314): mysqli->query('SELECT *\nFROM `...')
#1 C:\laragon\www\ppd-online\ppd\framework\Database\BaseConnection.php(713): CodeIgniter\Database\MySQLi\Connection->execute('SELECT *\nFROM `...')
#2 C:\laragon\www\ppd-online\ppd\framework\Database\BaseConnection.php(641): CodeIgniter\Database\BaseConnection->simpleQuery('SELECT *\nFROM `...')
#3 C:\laragon\www\ppd-online\ppd\framework\Database\BaseBuilder.php(1866): CodeIgniter\Database\BaseConnection->query('SELECT *\nFROM `...', Array, false)
#4 C:\laragon\www\ppd-online\ppd\app\Libraries\Settings.php(20): CodeIgniter\Database\BaseBuilder->get()
#5 C:\laragon\www\ppd-online\ppd\app\Filters\UserAuth.php(22): App\Libraries\Settings->config('maintenance')
#6 C:\laragon\www\ppd-online\ppd\framework\Filters\Filters.php(181): App\Filters\UserAuth->before(Object(CodeIgniter\HTTP\IncomingRequest), Array)
#7 C:\laragon\www\ppd-online\ppd\framework\CodeIgniter.php(403): CodeIgniter\Filters\Filters->run('id', 'before')
#8 C:\laragon\www\ppd-online\ppd\framework\CodeIgniter.php(333): CodeIgniter\CodeIgniter->handleRequest(NULL, Object(Config\Cache), false)
#9 C:\laragon\www\ppd-online\index.php(44): CodeIgniter\CodeIgniter->run()
#10 {main}
ERROR - 2021-06-30 00:38:42 --> Error connecting to the database: Access denied for user '****'@'localhost' (using password: YES)
CRITICAL - 2021-06-30 00:38:42 --> Unable to connect to the database.
#0 C:\laragon\www\ppd-online\ppd\framework\Database\BaseConnection.php(618): CodeIgniter\Database\BaseConnection->initialize()
#1 C:\laragon\www\ppd-online\ppd\framework\Database\BaseBuilder.php(1866): CodeIgniter\Database\BaseConnection->query('SELECT *\nFROM `...', Array, false)
#2 C:\laragon\www\ppd-online\ppd\app\Libraries\Settings.php(20): CodeIgniter\Database\BaseBuilder->get()
#3 C:\laragon\www\ppd-online\ppd\app\Filters\UserAuth.php(22): App\Libraries\Settings->config('maintenance')
#4 C:\laragon\www\ppd-online\ppd\framework\Filters\Filters.php(181): App\Filters\UserAuth->before(Object(CodeIgniter\HTTP\IncomingRequest), Array)
#5 C:\laragon\www\ppd-online\ppd\framework\CodeIgniter.php(403): CodeIgniter\Filters\Filters->run('id/auth', 'before')
#6 C:\laragon\www\ppd-online\ppd\framework\CodeIgniter.php(333): CodeIgniter\CodeIgniter->handleRequest(NULL, Object(Config\Cache), false)
#7 C:\laragon\www\ppd-online\index.php(44): CodeIgniter\CodeIgniter->run()
#8 {main}
