ERROR - 2021-06-08 08:05:27 --> Error connecting to the database: No connection could be made because the target machine actively refused it.

CRITICAL - 2021-06-08 08:05:27 --> Unable to connect to the database.
#0 C:\laragon\www\ppd\ppd\framework\Database\BaseConnection.php(618): CodeIgniter\Database\BaseConnection->initialize()
#1 C:\laragon\www\ppd\ppd\framework\Database\BaseBuilder.php(1866): CodeIgniter\Database\BaseConnection->query('SELECT *\nFROM `...', Array, false)
#2 C:\laragon\www\ppd\ppd\app\Libraries\Settings.php(20): CodeIgniter\Database\BaseBuilder->get()
#3 C:\laragon\www\ppd\ppd\app\Filters\UserAuth.php(22): App\Libraries\Settings->config('maintenance')
#4 C:\laragon\www\ppd\ppd\framework\Filters\Filters.php(181): App\Filters\UserAuth->before(Object(CodeIgniter\HTTP\IncomingRequest), Array)
#5 C:\laragon\www\ppd\ppd\framework\CodeIgniter.php(403): CodeIgniter\Filters\Filters->run('en', 'before')
#6 C:\laragon\www\ppd\ppd\framework\CodeIgniter.php(333): CodeIgniter\CodeIgniter->handleRequest(NULL, Object(Config\Cache), false)
#7 C:\laragon\www\ppd\index.php(44): CodeIgniter\CodeIgniter->run()
#8 {main}
CRITICAL - 2021-06-08 08:54:09 --> syntax error, unexpected '<', expecting end of file
#0 C:\laragon\www\ppd\ppd\framework\View\View.php(222): CodeIgniter\View\View->CodeIgniter\View\{closure}()
#1 C:\laragon\www\ppd\ppd\framework\Common.php(1217): CodeIgniter\View\View->render('staff/dashboard', Array, true)
#2 C:\laragon\www\ppd\ppd\app\Controllers\Staff\Tickets.php(519): view('staff/dashboard', Array)
#3 C:\laragon\www\ppd\ppd\framework\CodeIgniter.php(936): App\Controllers\Staff\Tickets->dashboard()
#4 C:\laragon\www\ppd\ppd\framework\CodeIgniter.php(432): CodeIgniter\CodeIgniter->runController(Object(App\Controllers\Staff\Tickets))
#5 C:\laragon\www\ppd\ppd\framework\CodeIgniter.php(333): CodeIgniter\CodeIgniter->handleRequest(NULL, Object(Config\Cache), false)
#6 C:\laragon\www\ppd\index.php(44): CodeIgniter\CodeIgniter->run()
#7 {main}
CRITICAL - 2021-06-08 08:54:40 --> syntax error, unexpected '<', expecting end of file
#0 C:\laragon\www\ppd\ppd\framework\View\View.php(222): CodeIgniter\View\View->CodeIgniter\View\{closure}()
#1 C:\laragon\www\ppd\ppd\framework\Common.php(1217): CodeIgniter\View\View->render('staff/dashboard', Array, true)
#2 C:\laragon\www\ppd\ppd\app\Controllers\Staff\Tickets.php(519): view('staff/dashboard', Array)
#3 C:\laragon\www\ppd\ppd\framework\CodeIgniter.php(936): App\Controllers\Staff\Tickets->dashboard()
#4 C:\laragon\www\ppd\ppd\framework\CodeIgniter.php(432): CodeIgniter\CodeIgniter->runController(Object(App\Controllers\Staff\Tickets))
#5 C:\laragon\www\ppd\ppd\framework\CodeIgniter.php(333): CodeIgniter\CodeIgniter->handleRequest(NULL, Object(Config\Cache), false)
#6 C:\laragon\www\ppd\index.php(44): CodeIgniter\CodeIgniter->run()
#7 {main}
CRITICAL - 2021-06-08 12:11:46 --> Undefined variable: ticket
#0 C:\laragon\www\ppd\ppd\app\Views\staff\dashboard.php(102): CodeIgniter\Debug\Exceptions->errorHandler(8, 'Undefined varia...', 'C:\\laragon\\www\\...', 102, Array)
#1 C:\laragon\www\ppd\ppd\framework\View\View.php(220): include('C:\\laragon\\www\\...')
#2 C:\laragon\www\ppd\ppd\framework\View\View.php(222): CodeIgniter\View\View->CodeIgniter\View\{closure}()
#3 C:\laragon\www\ppd\ppd\framework\Common.php(1217): CodeIgniter\View\View->render('staff/dashboard', Array, true)
#4 C:\laragon\www\ppd\ppd\app\Controllers\Staff\Tickets.php(523): view('staff/dashboard', Array)
#5 C:\laragon\www\ppd\ppd\framework\CodeIgniter.php(936): App\Controllers\Staff\Tickets->dashboard()
#6 C:\laragon\www\ppd\ppd\framework\CodeIgniter.php(432): CodeIgniter\CodeIgniter->runController(Object(App\Controllers\Staff\Tickets))
#7 C:\laragon\www\ppd\ppd\framework\CodeIgniter.php(333): CodeIgniter\CodeIgniter->handleRequest(NULL, Object(Config\Cache), false)
#8 C:\laragon\www\ppd\index.php(44): CodeIgniter\CodeIgniter->run()
#9 {main}
CRITICAL - 2021-06-08 13:22:15 --> syntax error, unexpected '{'
#0 C:\laragon\www\ppd\ppd\framework\Autoloader\Autoloader.php(265): CodeIgniter\Autoloader\Autoloader->includeFile('C:\\laragon\\www\\...')
#1 C:\laragon\www\ppd\ppd\framework\Autoloader\Autoloader.php(228): CodeIgniter\Autoloader\Autoloader->loadInNamespace('App\\Libraries\\T...')
#2 [internal function]: CodeIgniter\Autoloader\Autoloader->loadClass('App\\Libraries\\T...')
#3 C:\laragon\www\ppd\ppd\app\Config\Services.php(75): spl_autoload_call('App\\Libraries\\T...')
#4 C:\laragon\www\ppd\ppd\framework\Config\BaseService.php(100): Config\Services::tickets(false)
#5 C:\laragon\www\ppd\ppd\app\Config\Services.php(73): CodeIgniter\Config\BaseService::getSharedInstance('tickets')
#6 C:\laragon\www\ppd\ppd\app\Filters\StaffAuth.php(32): Config\Services::tickets()
#7 C:\laragon\www\ppd\ppd\framework\Filters\Filters.php(181): App\Filters\StaffAuth->before(Object(CodeIgniter\HTTP\IncomingRequest), NULL)
#8 C:\laragon\www\ppd\ppd\framework\CodeIgniter.php(403): CodeIgniter\Filters\Filters->run('id/staff/dashbo...', 'before')
#9 C:\laragon\www\ppd\ppd\framework\CodeIgniter.php(333): CodeIgniter\CodeIgniter->handleRequest(NULL, Object(Config\Cache), false)
#10 C:\laragon\www\ppd\index.php(44): CodeIgniter\CodeIgniter->run()
#11 {main}
CRITICAL - 2021-06-08 13:22:42 --> Call to a member function freeResult() on array
#0 C:\laragon\www\ppd\ppd\app\Controllers\Staff\Tickets.php(518): App\Libraries\Tickets->getTickett()
#1 C:\laragon\www\ppd\ppd\framework\CodeIgniter.php(936): App\Controllers\Staff\Tickets->dashboard()
#2 C:\laragon\www\ppd\ppd\framework\CodeIgniter.php(432): CodeIgniter\CodeIgniter->runController(Object(App\Controllers\Staff\Tickets))
#3 C:\laragon\www\ppd\ppd\framework\CodeIgniter.php(333): CodeIgniter\CodeIgniter->handleRequest(NULL, Object(Config\Cache), false)
#4 C:\laragon\www\ppd\index.php(44): CodeIgniter\CodeIgniter->run()
#5 {main}
CRITICAL - 2021-06-08 13:22:55 --> Undefined variable: tickets
#0 C:\laragon\www\ppd\ppd\app\Views\staff\dashboard.php(103): CodeIgniter\Debug\Exceptions->errorHandler(8, 'Undefined varia...', 'C:\\laragon\\www\\...', 103, Array)
#1 C:\laragon\www\ppd\ppd\framework\View\View.php(220): include('C:\\laragon\\www\\...')
#2 C:\laragon\www\ppd\ppd\framework\View\View.php(222): CodeIgniter\View\View->CodeIgniter\View\{closure}()
#3 C:\laragon\www\ppd\ppd\framework\Common.php(1217): CodeIgniter\View\View->render('staff/dashboard', Array, true)
#4 C:\laragon\www\ppd\ppd\app\Controllers\Staff\Tickets.php(526): view('staff/dashboard', Array)
#5 C:\laragon\www\ppd\ppd\framework\CodeIgniter.php(936): App\Controllers\Staff\Tickets->dashboard()
#6 C:\laragon\www\ppd\ppd\framework\CodeIgniter.php(432): CodeIgniter\CodeIgniter->runController(Object(App\Controllers\Staff\Tickets))
#7 C:\laragon\www\ppd\ppd\framework\CodeIgniter.php(333): CodeIgniter\CodeIgniter->handleRequest(NULL, Object(Config\Cache), false)
#8 C:\laragon\www\ppd\index.php(44): CodeIgniter\CodeIgniter->run()
#9 {main}
CRITICAL - 2021-06-08 13:23:09 --> array_count_values(): Can only count STRING and INTEGER values!
#0 [internal function]: CodeIgniter\Debug\Exceptions->errorHandler(2, 'array_count_val...', 'C:\\laragon\\www\\...', 103, Array)
#1 C:\laragon\www\ppd\ppd\app\Views\staff\dashboard.php(103): array_count_values(Array)
#2 C:\laragon\www\ppd\ppd\framework\View\View.php(220): include('C:\\laragon\\www\\...')
#3 C:\laragon\www\ppd\ppd\framework\View\View.php(222): CodeIgniter\View\View->CodeIgniter\View\{closure}()
#4 C:\laragon\www\ppd\ppd\framework\Common.php(1217): CodeIgniter\View\View->render('staff/dashboard', Array, true)
#5 C:\laragon\www\ppd\ppd\app\Controllers\Staff\Tickets.php(526): view('staff/dashboard', Array)
#6 C:\laragon\www\ppd\ppd\framework\CodeIgniter.php(936): App\Controllers\Staff\Tickets->dashboard()
#7 C:\laragon\www\ppd\ppd\framework\CodeIgniter.php(432): CodeIgniter\CodeIgniter->runController(Object(App\Controllers\Staff\Tickets))
#8 C:\laragon\www\ppd\ppd\framework\CodeIgniter.php(333): CodeIgniter\CodeIgniter->handleRequest(NULL, Object(Config\Cache), false)
#9 C:\laragon\www\ppd\index.php(44): CodeIgniter\CodeIgniter->run()
#10 {main}
CRITICAL - 2021-06-08 13:23:49 --> Call to a member function freeResult() on array
#0 C:\laragon\www\ppd\ppd\app\Controllers\Staff\Tickets.php(518): App\Libraries\Tickets->getTickett()
#1 C:\laragon\www\ppd\ppd\framework\CodeIgniter.php(936): App\Controllers\Staff\Tickets->dashboard()
#2 C:\laragon\www\ppd\ppd\framework\CodeIgniter.php(432): CodeIgniter\CodeIgniter->runController(Object(App\Controllers\Staff\Tickets))
#3 C:\laragon\www\ppd\ppd\framework\CodeIgniter.php(333): CodeIgniter\CodeIgniter->handleRequest(NULL, Object(Config\Cache), false)
#4 C:\laragon\www\ppd\index.php(44): CodeIgniter\CodeIgniter->run()
#5 {main}
CRITICAL - 2021-06-08 13:25:36 --> Call to a member function freeResult() on array
#0 C:\laragon\www\ppd\ppd\app\Controllers\Staff\Tickets.php(518): App\Libraries\Tickets->getTickett()
#1 C:\laragon\www\ppd\ppd\framework\CodeIgniter.php(936): App\Controllers\Staff\Tickets->dashboard()
#2 C:\laragon\www\ppd\ppd\framework\CodeIgniter.php(432): CodeIgniter\CodeIgniter->runController(Object(App\Controllers\Staff\Tickets))
#3 C:\laragon\www\ppd\ppd\framework\CodeIgniter.php(333): CodeIgniter\CodeIgniter->handleRequest(NULL, Object(Config\Cache), false)
#4 C:\laragon\www\ppd\index.php(44): CodeIgniter\CodeIgniter->run()
#5 {main}
ERROR - 2021-06-08 13:45:38 --> mysqli_sql_exception: Unknown column 'ppd_category.name' in 'field list' in C:\laragon\www\ppd\ppd\framework\Database\MySQLi\Connection.php:314
Stack trace:
#0 C:\laragon\www\ppd\ppd\framework\Database\MySQLi\Connection.php(314): mysqli->query('SELECT `ppd_tic...')
#1 C:\laragon\www\ppd\ppd\framework\Database\BaseConnection.php(713): CodeIgniter\Database\MySQLi\Connection->execute('SELECT `ppd_tic...')
#2 C:\laragon\www\ppd\ppd\framework\Database\BaseConnection.php(641): CodeIgniter\Database\BaseConnection->simpleQuery('SELECT `ppd_tic...')
#3 C:\laragon\www\ppd\ppd\framework\Database\BaseBuilder.php(1866): CodeIgniter\Database\BaseConnection->query('SELECT `ppd_tic...', Array, false)
#4 C:\laragon\www\ppd\ppd\framework\Model.php(836): CodeIgniter\Database\BaseBuilder->get()
#5 C:\laragon\www\ppd\ppd\app\Libraries\Tickets.php(874): CodeIgniter\Model->__call('get', Array)
#6 C:\laragon\www\ppd\ppd\app\Controllers\Staff\Tickets.php(518): App\Libraries\Tickets->getTickett()
#7 C:\laragon\www\ppd\ppd\framework\CodeIgniter.php(936): App\Controllers\Staff\Tickets->dashboard()
#8 C:\laragon\www\ppd\ppd\framework\CodeIgniter.php(432): CodeIgniter\CodeIgniter->runController(Object(App\Controllers\Staff\Tickets))
#9 C:\laragon\www\ppd\ppd\framework\CodeIgniter.php(333): CodeIgniter\CodeIgniter->handleRequest(NULL, Object(Config\Cache), false)
#10 C:\laragon\www\ppd\index.php(44): CodeIgniter\CodeIgniter->run()
#11 {main}
CRITICAL - 2021-06-08 13:45:38 --> Unknown column 'ppd_category.name' in 'field list'
#0 C:\laragon\www\ppd\ppd\framework\Database\MySQLi\Connection.php(314): mysqli->query('SELECT `ppd_tic...')
#1 C:\laragon\www\ppd\ppd\framework\Database\BaseConnection.php(713): CodeIgniter\Database\MySQLi\Connection->execute('SELECT `ppd_tic...')
#2 C:\laragon\www\ppd\ppd\framework\Database\BaseConnection.php(641): CodeIgniter\Database\BaseConnection->simpleQuery('SELECT `ppd_tic...')
#3 C:\laragon\www\ppd\ppd\framework\Database\BaseBuilder.php(1866): CodeIgniter\Database\BaseConnection->query('SELECT `ppd_tic...', Array, false)
#4 C:\laragon\www\ppd\ppd\framework\Model.php(836): CodeIgniter\Database\BaseBuilder->get()
#5 C:\laragon\www\ppd\ppd\app\Libraries\Tickets.php(874): CodeIgniter\Model->__call('get', Array)
#6 C:\laragon\www\ppd\ppd\app\Controllers\Staff\Tickets.php(518): App\Libraries\Tickets->getTickett()
#7 C:\laragon\www\ppd\ppd\framework\CodeIgniter.php(936): App\Controllers\Staff\Tickets->dashboard()
#8 C:\laragon\www\ppd\ppd\framework\CodeIgniter.php(432): CodeIgniter\CodeIgniter->runController(Object(App\Controllers\Staff\Tickets))
#9 C:\laragon\www\ppd\ppd\framework\CodeIgniter.php(333): CodeIgniter\CodeIgniter->handleRequest(NULL, Object(Config\Cache), false)
#10 C:\laragon\www\ppd\index.php(44): CodeIgniter\CodeIgniter->run()
#11 {main}
CRITICAL - 2021-06-08 13:46:04 --> Call to a member function freeResult() on array
#0 C:\laragon\www\ppd\ppd\app\Controllers\Staff\Tickets.php(518): App\Libraries\Tickets->getTickett()
#1 C:\laragon\www\ppd\ppd\framework\CodeIgniter.php(936): App\Controllers\Staff\Tickets->dashboard()
#2 C:\laragon\www\ppd\ppd\framework\CodeIgniter.php(432): CodeIgniter\CodeIgniter->runController(Object(App\Controllers\Staff\Tickets))
#3 C:\laragon\www\ppd\ppd\framework\CodeIgniter.php(333): CodeIgniter\CodeIgniter->handleRequest(NULL, Object(Config\Cache), false)
#4 C:\laragon\www\ppd\index.php(44): CodeIgniter\CodeIgniter->run()
#5 {main}
CRITICAL - 2021-06-08 13:47:01 --> Call to a member function freeResult() on array
#0 C:\laragon\www\ppd\ppd\app\Controllers\Staff\Tickets.php(518): App\Libraries\Tickets->getTickett()
#1 C:\laragon\www\ppd\ppd\framework\CodeIgniter.php(936): App\Controllers\Staff\Tickets->dashboard()
#2 C:\laragon\www\ppd\ppd\framework\CodeIgniter.php(432): CodeIgniter\CodeIgniter->runController(Object(App\Controllers\Staff\Tickets))
#3 C:\laragon\www\ppd\ppd\framework\CodeIgniter.php(333): CodeIgniter\CodeIgniter->handleRequest(NULL, Object(Config\Cache), false)
#4 C:\laragon\www\ppd\index.php(44): CodeIgniter\CodeIgniter->run()
#5 {main}
CRITICAL - 2021-06-08 13:50:33 --> Call to a member function freeResult() on array
#0 C:\laragon\www\ppd\ppd\app\Controllers\Staff\Tickets.php(518): App\Libraries\Tickets->getTickett()
#1 C:\laragon\www\ppd\ppd\framework\CodeIgniter.php(936): App\Controllers\Staff\Tickets->dashboard()
#2 C:\laragon\www\ppd\ppd\framework\CodeIgniter.php(432): CodeIgniter\CodeIgniter->runController(Object(App\Controllers\Staff\Tickets))
#3 C:\laragon\www\ppd\ppd\framework\CodeIgniter.php(333): CodeIgniter\CodeIgniter->handleRequest(NULL, Object(Config\Cache), false)
#4 C:\laragon\www\ppd\index.php(44): CodeIgniter\CodeIgniter->run()
#5 {main}
CRITICAL - 2021-06-08 13:50:46 --> array_count_values(): Can only count STRING and INTEGER values!
#0 [internal function]: CodeIgniter\Debug\Exceptions->errorHandler(2, 'array_count_val...', 'C:\\laragon\\www\\...', 103, Array)
#1 C:\laragon\www\ppd\ppd\app\Views\staff\dashboard.php(103): array_count_values(Array)
#2 C:\laragon\www\ppd\ppd\framework\View\View.php(220): include('C:\\laragon\\www\\...')
#3 C:\laragon\www\ppd\ppd\framework\View\View.php(222): CodeIgniter\View\View->CodeIgniter\View\{closure}()
#4 C:\laragon\www\ppd\ppd\framework\Common.php(1217): CodeIgniter\View\View->render('staff/dashboard', Array, true)
#5 C:\laragon\www\ppd\ppd\app\Controllers\Staff\Tickets.php(526): view('staff/dashboard', Array)
#6 C:\laragon\www\ppd\ppd\framework\CodeIgniter.php(936): App\Controllers\Staff\Tickets->dashboard()
#7 C:\laragon\www\ppd\ppd\framework\CodeIgniter.php(432): CodeIgniter\CodeIgniter->runController(Object(App\Controllers\Staff\Tickets))
#8 C:\laragon\www\ppd\ppd\framework\CodeIgniter.php(333): CodeIgniter\CodeIgniter->handleRequest(NULL, Object(Config\Cache), false)
#9 C:\laragon\www\ppd\index.php(44): CodeIgniter\CodeIgniter->run()
#10 {main}
CRITICAL - 2021-06-08 13:51:25 --> array_count_values(): Can only count STRING and INTEGER values!
#0 [internal function]: CodeIgniter\Debug\Exceptions->errorHandler(2, 'array_count_val...', 'C:\\laragon\\www\\...', 103, Array)
#1 C:\laragon\www\ppd\ppd\app\Views\staff\dashboard.php(103): array_count_values(Array)
#2 C:\laragon\www\ppd\ppd\framework\View\View.php(220): include('C:\\laragon\\www\\...')
#3 C:\laragon\www\ppd\ppd\framework\View\View.php(222): CodeIgniter\View\View->CodeIgniter\View\{closure}()
#4 C:\laragon\www\ppd\ppd\framework\Common.php(1217): CodeIgniter\View\View->render('staff/dashboard', Array, true)
#5 C:\laragon\www\ppd\ppd\app\Controllers\Staff\Tickets.php(526): view('staff/dashboard', Array)
#6 C:\laragon\www\ppd\ppd\framework\CodeIgniter.php(936): App\Controllers\Staff\Tickets->dashboard()
#7 C:\laragon\www\ppd\ppd\framework\CodeIgniter.php(432): CodeIgniter\CodeIgniter->runController(Object(App\Controllers\Staff\Tickets))
#8 C:\laragon\www\ppd\ppd\framework\CodeIgniter.php(333): CodeIgniter\CodeIgniter->handleRequest(NULL, Object(Config\Cache), false)
#9 C:\laragon\www\ppd\index.php(44): CodeIgniter\CodeIgniter->run()
#10 {main}
CRITICAL - 2021-06-08 13:51:27 --> array_count_values(): Can only count STRING and INTEGER values!
#0 [internal function]: CodeIgniter\Debug\Exceptions->errorHandler(2, 'array_count_val...', 'C:\\laragon\\www\\...', 103, Array)
#1 C:\laragon\www\ppd\ppd\app\Views\staff\dashboard.php(103): array_count_values(Array)
#2 C:\laragon\www\ppd\ppd\framework\View\View.php(220): include('C:\\laragon\\www\\...')
#3 C:\laragon\www\ppd\ppd\framework\View\View.php(222): CodeIgniter\View\View->CodeIgniter\View\{closure}()
#4 C:\laragon\www\ppd\ppd\framework\Common.php(1217): CodeIgniter\View\View->render('staff/dashboard', Array, true)
#5 C:\laragon\www\ppd\ppd\app\Controllers\Staff\Tickets.php(526): view('staff/dashboard', Array)
#6 C:\laragon\www\ppd\ppd\framework\CodeIgniter.php(936): App\Controllers\Staff\Tickets->dashboard()
#7 C:\laragon\www\ppd\ppd\framework\CodeIgniter.php(432): CodeIgniter\CodeIgniter->runController(Object(App\Controllers\Staff\Tickets))
#8 C:\laragon\www\ppd\ppd\framework\CodeIgniter.php(333): CodeIgniter\CodeIgniter->handleRequest(NULL, Object(Config\Cache), false)
#9 C:\laragon\www\ppd\index.php(44): CodeIgniter\CodeIgniter->run()
#10 {main}
CRITICAL - 2021-06-08 13:57:08 --> array_count_values() expects parameter 1 to be array, object given
#0 [internal function]: CodeIgniter\Debug\Exceptions->errorHandler(2, 'array_count_val...', 'C:\\laragon\\www\\...', 103, Array)
#1 C:\laragon\www\ppd\ppd\app\Views\staff\dashboard.php(103): array_count_values(Object(CodeIgniter\Database\MySQLi\Result))
#2 C:\laragon\www\ppd\ppd\framework\View\View.php(220): include('C:\\laragon\\www\\...')
#3 C:\laragon\www\ppd\ppd\framework\View\View.php(222): CodeIgniter\View\View->CodeIgniter\View\{closure}()
#4 C:\laragon\www\ppd\ppd\framework\Common.php(1217): CodeIgniter\View\View->render('staff/dashboard', Array, true)
#5 C:\laragon\www\ppd\ppd\app\Controllers\Staff\Tickets.php(526): view('staff/dashboard', Array)
#6 C:\laragon\www\ppd\ppd\framework\CodeIgniter.php(936): App\Controllers\Staff\Tickets->dashboard()
#7 C:\laragon\www\ppd\ppd\framework\CodeIgniter.php(432): CodeIgniter\CodeIgniter->runController(Object(App\Controllers\Staff\Tickets))
#8 C:\laragon\www\ppd\ppd\framework\CodeIgniter.php(333): CodeIgniter\CodeIgniter->handleRequest(NULL, Object(Config\Cache), false)
#9 C:\laragon\www\ppd\index.php(44): CodeIgniter\CodeIgniter->run()
#10 {main}
CRITICAL - 2021-06-08 13:58:51 --> syntax error, unexpected ';', expecting ']'
#0 C:\laragon\www\ppd\ppd\framework\Autoloader\Autoloader.php(265): CodeIgniter\Autoloader\Autoloader->includeFile('C:\\laragon\\www\\...')
#1 C:\laragon\www\ppd\ppd\framework\Autoloader\Autoloader.php(228): CodeIgniter\Autoloader\Autoloader->loadInNamespace('App\\Libraries\\T...')
#2 [internal function]: CodeIgniter\Autoloader\Autoloader->loadClass('App\\Libraries\\T...')
#3 C:\laragon\www\ppd\ppd\app\Config\Services.php(75): spl_autoload_call('App\\Libraries\\T...')
#4 C:\laragon\www\ppd\ppd\framework\Config\BaseService.php(100): Config\Services::tickets(false)
#5 C:\laragon\www\ppd\ppd\app\Config\Services.php(73): CodeIgniter\Config\BaseService::getSharedInstance('tickets')
#6 C:\laragon\www\ppd\ppd\app\Filters\StaffAuth.php(32): Config\Services::tickets()
#7 C:\laragon\www\ppd\ppd\framework\Filters\Filters.php(181): App\Filters\StaffAuth->before(Object(CodeIgniter\HTTP\IncomingRequest), NULL)
#8 C:\laragon\www\ppd\ppd\framework\CodeIgniter.php(403): CodeIgniter\Filters\Filters->run('id/staff/dashbo...', 'before')
#9 C:\laragon\www\ppd\ppd\framework\CodeIgniter.php(333): CodeIgniter\CodeIgniter->handleRequest(NULL, Object(Config\Cache), false)
#10 C:\laragon\www\ppd\index.php(44): CodeIgniter\CodeIgniter->run()
#11 {main}
CRITICAL - 2021-06-08 13:59:07 --> syntax error, unexpected '}', expecting ';'
#0 C:\laragon\www\ppd\ppd\framework\Autoloader\Autoloader.php(265): CodeIgniter\Autoloader\Autoloader->includeFile('C:\\laragon\\www\\...')
#1 C:\laragon\www\ppd\ppd\framework\Autoloader\Autoloader.php(228): CodeIgniter\Autoloader\Autoloader->loadInNamespace('App\\Libraries\\T...')
#2 [internal function]: CodeIgniter\Autoloader\Autoloader->loadClass('App\\Libraries\\T...')
#3 C:\laragon\www\ppd\ppd\app\Config\Services.php(75): spl_autoload_call('App\\Libraries\\T...')
#4 C:\laragon\www\ppd\ppd\framework\Config\BaseService.php(100): Config\Services::tickets(false)
#5 C:\laragon\www\ppd\ppd\app\Config\Services.php(73): CodeIgniter\Config\BaseService::getSharedInstance('tickets')
#6 C:\laragon\www\ppd\ppd\app\Filters\StaffAuth.php(32): Config\Services::tickets()
#7 C:\laragon\www\ppd\ppd\framework\Filters\Filters.php(181): App\Filters\StaffAuth->before(Object(CodeIgniter\HTTP\IncomingRequest), NULL)
#8 C:\laragon\www\ppd\ppd\framework\CodeIgniter.php(403): CodeIgniter\Filters\Filters->run('id/staff/dashbo...', 'before')
#9 C:\laragon\www\ppd\ppd\framework\CodeIgniter.php(333): CodeIgniter\CodeIgniter->handleRequest(NULL, Object(Config\Cache), false)
#10 C:\laragon\www\ppd\index.php(44): CodeIgniter\CodeIgniter->run()
#11 {main}
CRITICAL - 2021-06-08 13:59:26 --> array_count_values(): Can only count STRING and INTEGER values!
#0 [internal function]: CodeIgniter\Debug\Exceptions->errorHandler(2, 'array_count_val...', 'C:\\laragon\\www\\...', 103, Array)
#1 C:\laragon\www\ppd\ppd\app\Views\staff\dashboard.php(103): array_count_values(Array)
#2 C:\laragon\www\ppd\ppd\framework\View\View.php(220): include('C:\\laragon\\www\\...')
#3 C:\laragon\www\ppd\ppd\framework\View\View.php(222): CodeIgniter\View\View->CodeIgniter\View\{closure}()
#4 C:\laragon\www\ppd\ppd\framework\Common.php(1217): CodeIgniter\View\View->render('staff/dashboard', Array, true)
#5 C:\laragon\www\ppd\ppd\app\Controllers\Staff\Tickets.php(526): view('staff/dashboard', Array)
#6 C:\laragon\www\ppd\ppd\framework\CodeIgniter.php(936): App\Controllers\Staff\Tickets->dashboard()
#7 C:\laragon\www\ppd\ppd\framework\CodeIgniter.php(432): CodeIgniter\CodeIgniter->runController(Object(App\Controllers\Staff\Tickets))
#8 C:\laragon\www\ppd\ppd\framework\CodeIgniter.php(333): CodeIgniter\CodeIgniter->handleRequest(NULL, Object(Config\Cache), false)
#9 C:\laragon\www\ppd\index.php(44): CodeIgniter\CodeIgniter->run()
#10 {main}
CRITICAL - 2021-06-08 13:59:51 --> syntax error, unexpected '$arai' (T_VARIABLE)
#0 C:\laragon\www\ppd\ppd\framework\View\View.php(222): CodeIgniter\View\View->CodeIgniter\View\{closure}()
#1 C:\laragon\www\ppd\ppd\framework\Common.php(1217): CodeIgniter\View\View->render('staff/dashboard', Array, true)
#2 C:\laragon\www\ppd\ppd\app\Controllers\Staff\Tickets.php(526): view('staff/dashboard', Array)
#3 C:\laragon\www\ppd\ppd\framework\CodeIgniter.php(936): App\Controllers\Staff\Tickets->dashboard()
#4 C:\laragon\www\ppd\ppd\framework\CodeIgniter.php(432): CodeIgniter\CodeIgniter->runController(Object(App\Controllers\Staff\Tickets))
#5 C:\laragon\www\ppd\ppd\framework\CodeIgniter.php(333): CodeIgniter\CodeIgniter->handleRequest(NULL, Object(Config\Cache), false)
#6 C:\laragon\www\ppd\index.php(44): CodeIgniter\CodeIgniter->run()
#7 {main}
CRITICAL - 2021-06-08 13:59:59 --> array_count_values(): Can only count STRING and INTEGER values!
#0 [internal function]: CodeIgniter\Debug\Exceptions->errorHandler(2, 'array_count_val...', 'C:\\laragon\\www\\...', 104, Array)
#1 C:\laragon\www\ppd\ppd\app\Views\staff\dashboard.php(104): array_count_values(Array)
#2 C:\laragon\www\ppd\ppd\framework\View\View.php(220): include('C:\\laragon\\www\\...')
#3 C:\laragon\www\ppd\ppd\framework\View\View.php(222): CodeIgniter\View\View->CodeIgniter\View\{closure}()
#4 C:\laragon\www\ppd\ppd\framework\Common.php(1217): CodeIgniter\View\View->render('staff/dashboard', Array, true)
#5 C:\laragon\www\ppd\ppd\app\Controllers\Staff\Tickets.php(526): view('staff/dashboard', Array)
#6 C:\laragon\www\ppd\ppd\framework\CodeIgniter.php(936): App\Controllers\Staff\Tickets->dashboard()
#7 C:\laragon\www\ppd\ppd\framework\CodeIgniter.php(432): CodeIgniter\CodeIgniter->runController(Object(App\Controllers\Staff\Tickets))
#8 C:\laragon\www\ppd\ppd\framework\CodeIgniter.php(333): CodeIgniter\CodeIgniter->handleRequest(NULL, Object(Config\Cache), false)
#9 C:\laragon\www\ppd\index.php(44): CodeIgniter\CodeIgniter->run()
#10 {main}
CRITICAL - 2021-06-08 14:00:07 --> Undefined variable: arai
#0 C:\laragon\www\ppd\ppd\app\Views\staff\dashboard.php(107): CodeIgniter\Debug\Exceptions->errorHandler(8, 'Undefined varia...', 'C:\\laragon\\www\\...', 107, Array)
#1 C:\laragon\www\ppd\ppd\framework\View\View.php(220): include('C:\\laragon\\www\\...')
#2 C:\laragon\www\ppd\ppd\framework\View\View.php(222): CodeIgniter\View\View->CodeIgniter\View\{closure}()
#3 C:\laragon\www\ppd\ppd\framework\Common.php(1217): CodeIgniter\View\View->render('staff/dashboard', Array, true)
#4 C:\laragon\www\ppd\ppd\app\Controllers\Staff\Tickets.php(526): view('staff/dashboard', Array)
#5 C:\laragon\www\ppd\ppd\framework\CodeIgniter.php(936): App\Controllers\Staff\Tickets->dashboard()
#6 C:\laragon\www\ppd\ppd\framework\CodeIgniter.php(432): CodeIgniter\CodeIgniter->runController(Object(App\Controllers\Staff\Tickets))
#7 C:\laragon\www\ppd\ppd\framework\CodeIgniter.php(333): CodeIgniter\CodeIgniter->handleRequest(NULL, Object(Config\Cache), false)
#8 C:\laragon\www\ppd\index.php(44): CodeIgniter\CodeIgniter->run()
#9 {main}
CRITICAL - 2021-06-08 14:03:48 --> Call to undefined method App\Models\Tickets::getResult
#0 C:\laragon\www\ppd\ppd\app\Libraries\Tickets.php(873): CodeIgniter\Model->__call('getResult', Array)
#1 C:\laragon\www\ppd\ppd\app\Controllers\Staff\Tickets.php(518): App\Libraries\Tickets->getTickett()
#2 C:\laragon\www\ppd\ppd\framework\CodeIgniter.php(936): App\Controllers\Staff\Tickets->dashboard()
#3 C:\laragon\www\ppd\ppd\framework\CodeIgniter.php(432): CodeIgniter\CodeIgniter->runController(Object(App\Controllers\Staff\Tickets))
#4 C:\laragon\www\ppd\ppd\framework\CodeIgniter.php(333): CodeIgniter\CodeIgniter->handleRequest(NULL, Object(Config\Cache), false)
#5 C:\laragon\www\ppd\index.php(44): CodeIgniter\CodeIgniter->run()
#6 {main}
CRITICAL - 2021-06-08 14:05:22 --> array_count_values(): Can only count STRING and INTEGER values!
#0 [internal function]: CodeIgniter\Debug\Exceptions->errorHandler(2, 'array_count_val...', 'C:\\laragon\\www\\...', 104, Array)
#1 C:\laragon\www\ppd\ppd\app\Views\staff\dashboard.php(104): array_count_values(Array)
#2 C:\laragon\www\ppd\ppd\framework\View\View.php(220): include('C:\\laragon\\www\\...')
#3 C:\laragon\www\ppd\ppd\framework\View\View.php(222): CodeIgniter\View\View->CodeIgniter\View\{closure}()
#4 C:\laragon\www\ppd\ppd\framework\Common.php(1217): CodeIgniter\View\View->render('staff/dashboard', Array, true)
#5 C:\laragon\www\ppd\ppd\app\Controllers\Staff\Tickets.php(526): view('staff/dashboard', Array)
#6 C:\laragon\www\ppd\ppd\framework\CodeIgniter.php(936): App\Controllers\Staff\Tickets->dashboard()
#7 C:\laragon\www\ppd\ppd\framework\CodeIgniter.php(432): CodeIgniter\CodeIgniter->runController(Object(App\Controllers\Staff\Tickets))
#8 C:\laragon\www\ppd\ppd\framework\CodeIgniter.php(333): CodeIgniter\CodeIgniter->handleRequest(NULL, Object(Config\Cache), false)
#9 C:\laragon\www\ppd\index.php(44): CodeIgniter\CodeIgniter->run()
#10 {main}
CRITICAL - 2021-06-08 14:05:28 --> array_count_values(): Can only count STRING and INTEGER values!
#0 [internal function]: CodeIgniter\Debug\Exceptions->errorHandler(2, 'array_count_val...', 'C:\\laragon\\www\\...', 103, Array)
#1 C:\laragon\www\ppd\ppd\app\Views\staff\dashboard.php(103): array_count_values(Array)
#2 C:\laragon\www\ppd\ppd\framework\View\View.php(220): include('C:\\laragon\\www\\...')
#3 C:\laragon\www\ppd\ppd\framework\View\View.php(222): CodeIgniter\View\View->CodeIgniter\View\{closure}()
#4 C:\laragon\www\ppd\ppd\framework\Common.php(1217): CodeIgniter\View\View->render('staff/dashboard', Array, true)
#5 C:\laragon\www\ppd\ppd\app\Controllers\Staff\Tickets.php(526): view('staff/dashboard', Array)
#6 C:\laragon\www\ppd\ppd\framework\CodeIgniter.php(936): App\Controllers\Staff\Tickets->dashboard()
#7 C:\laragon\www\ppd\ppd\framework\CodeIgniter.php(432): CodeIgniter\CodeIgniter->runController(Object(App\Controllers\Staff\Tickets))
#8 C:\laragon\www\ppd\ppd\framework\CodeIgniter.php(333): CodeIgniter\CodeIgniter->handleRequest(NULL, Object(Config\Cache), false)
#9 C:\laragon\www\ppd\index.php(44): CodeIgniter\CodeIgniter->run()
#10 {main}
CRITICAL - 2021-06-08 14:05:57 --> array_count_values(): Can only count STRING and INTEGER values!
#0 [internal function]: CodeIgniter\Debug\Exceptions->errorHandler(2, 'array_count_val...', 'C:\\laragon\\www\\...', 104, Array)
#1 C:\laragon\www\ppd\ppd\app\Views\staff\dashboard.php(104): array_count_values(Array)
#2 C:\laragon\www\ppd\ppd\framework\View\View.php(220): include('C:\\laragon\\www\\...')
#3 C:\laragon\www\ppd\ppd\framework\View\View.php(222): CodeIgniter\View\View->CodeIgniter\View\{closure}()
#4 C:\laragon\www\ppd\ppd\framework\Common.php(1217): CodeIgniter\View\View->render('staff/dashboard', Array, true)
#5 C:\laragon\www\ppd\ppd\app\Controllers\Staff\Tickets.php(526): view('staff/dashboard', Array)
#6 C:\laragon\www\ppd\ppd\framework\CodeIgniter.php(936): App\Controllers\Staff\Tickets->dashboard()
#7 C:\laragon\www\ppd\ppd\framework\CodeIgniter.php(432): CodeIgniter\CodeIgniter->runController(Object(App\Controllers\Staff\Tickets))
#8 C:\laragon\www\ppd\ppd\framework\CodeIgniter.php(333): CodeIgniter\CodeIgniter->handleRequest(NULL, Object(Config\Cache), false)
#9 C:\laragon\www\ppd\index.php(44): CodeIgniter\CodeIgniter->run()
#10 {main}
CRITICAL - 2021-06-08 14:06:08 --> array_count_values(): Can only count STRING and INTEGER values!
#0 [internal function]: CodeIgniter\Debug\Exceptions->errorHandler(2, 'array_count_val...', 'C:\\laragon\\www\\...', 103, Array)
#1 C:\laragon\www\ppd\ppd\app\Views\staff\dashboard.php(103): array_count_values(Array)
#2 C:\laragon\www\ppd\ppd\framework\View\View.php(220): include('C:\\laragon\\www\\...')
#3 C:\laragon\www\ppd\ppd\framework\View\View.php(222): CodeIgniter\View\View->CodeIgniter\View\{closure}()
#4 C:\laragon\www\ppd\ppd\framework\Common.php(1217): CodeIgniter\View\View->render('staff/dashboard', Array, true)
#5 C:\laragon\www\ppd\ppd\app\Controllers\Staff\Tickets.php(526): view('staff/dashboard', Array)
#6 C:\laragon\www\ppd\ppd\framework\CodeIgniter.php(936): App\Controllers\Staff\Tickets->dashboard()
#7 C:\laragon\www\ppd\ppd\framework\CodeIgniter.php(432): CodeIgniter\CodeIgniter->runController(Object(App\Controllers\Staff\Tickets))
#8 C:\laragon\www\ppd\ppd\framework\CodeIgniter.php(333): CodeIgniter\CodeIgniter->handleRequest(NULL, Object(Config\Cache), false)
#9 C:\laragon\www\ppd\index.php(44): CodeIgniter\CodeIgniter->run()
#10 {main}
CRITICAL - 2021-06-08 14:10:33 --> Call to a member function freeResult() on array
#0 C:\laragon\www\ppd\ppd\app\Controllers\Staff\Tickets.php(518): App\Libraries\Tickets->getTickett()
#1 C:\laragon\www\ppd\ppd\framework\CodeIgniter.php(936): App\Controllers\Staff\Tickets->dashboard()
#2 C:\laragon\www\ppd\ppd\framework\CodeIgniter.php(432): CodeIgniter\CodeIgniter->runController(Object(App\Controllers\Staff\Tickets))
#3 C:\laragon\www\ppd\ppd\framework\CodeIgniter.php(333): CodeIgniter\CodeIgniter->handleRequest(NULL, Object(Config\Cache), false)
#4 C:\laragon\www\ppd\index.php(44): CodeIgniter\CodeIgniter->run()
#5 {main}
CRITICAL - 2021-06-08 14:58:23 --> syntax error, unexpected 'var' (T_VAR), expecting end of file
#0 C:\laragon\www\ppd\ppd\framework\View\View.php(222): CodeIgniter\View\View->CodeIgniter\View\{closure}()
#1 C:\laragon\www\ppd\ppd\framework\Common.php(1217): CodeIgniter\View\View->render('staff/dashboard', Array, true)
#2 C:\laragon\www\ppd\ppd\app\Controllers\Staff\Tickets.php(530): view('staff/dashboard', Array)
#3 C:\laragon\www\ppd\ppd\framework\CodeIgniter.php(936): App\Controllers\Staff\Tickets->dashboard()
#4 C:\laragon\www\ppd\ppd\framework\CodeIgniter.php(432): CodeIgniter\CodeIgniter->runController(Object(App\Controllers\Staff\Tickets))
#5 C:\laragon\www\ppd\ppd\framework\CodeIgniter.php(333): CodeIgniter\CodeIgniter->handleRequest(NULL, Object(Config\Cache), false)
#6 C:\laragon\www\ppd\index.php(44): CodeIgniter\CodeIgniter->run()
#7 {main}
CRITICAL - 2021-06-08 14:59:06 --> syntax error, unexpected 'var' (T_VAR)
#0 C:\laragon\www\ppd\ppd\framework\View\View.php(222): CodeIgniter\View\View->CodeIgniter\View\{closure}()
#1 C:\laragon\www\ppd\ppd\framework\Common.php(1217): CodeIgniter\View\View->render('staff/dashboard', Array, true)
#2 C:\laragon\www\ppd\ppd\app\Controllers\Staff\Tickets.php(530): view('staff/dashboard', Array)
#3 C:\laragon\www\ppd\ppd\framework\CodeIgniter.php(936): App\Controllers\Staff\Tickets->dashboard()
#4 C:\laragon\www\ppd\ppd\framework\CodeIgniter.php(432): CodeIgniter\CodeIgniter->runController(Object(App\Controllers\Staff\Tickets))
#5 C:\laragon\www\ppd\ppd\framework\CodeIgniter.php(333): CodeIgniter\CodeIgniter->handleRequest(NULL, Object(Config\Cache), false)
#6 C:\laragon\www\ppd\index.php(44): CodeIgniter\CodeIgniter->run()
#7 {main}
