ERROR - 2021-06-07 16:50:18 --> Error connecting to the database: Access denied for user '****'@'localhost' (using password: NO)
CRITICAL - 2021-06-07 16:50:18 --> Unable to connect to the database.
#0 /home/bps1407/public_html/ppd/ppd/framework/Database/BaseConnection.php(618): CodeIgniter\Database\BaseConnection->initialize()
#1 /home/bps1407/public_html/ppd/ppd/framework/Database/BaseBuilder.php(1866): CodeIgniter\Database\BaseConnection->query('SELECT *\nFROM `...', Array, false)
#2 /home/bps1407/public_html/ppd/ppd/app/Libraries/Settings.php(20): CodeIgniter\Database\BaseBuilder->get()
#3 /home/bps1407/public_html/ppd/ppd/app/Filters/UserAuth.php(22): App\Libraries\Settings->config('maintenance')
#4 /home/bps1407/public_html/ppd/ppd/framework/Filters/Filters.php(181): App\Filters\UserAuth->before(Object(CodeIgniter\HTTP\IncomingRequest), Array)
#5 /home/bps1407/public_html/ppd/ppd/framework/CodeIgniter.php(403): CodeIgniter\Filters\Filters->run('en', 'before')
#6 /home/bps1407/public_html/ppd/ppd/framework/CodeIgniter.php(333): CodeIgniter\CodeIgniter->handleRequest(NULL, Object(Config\Cache), false)
#7 /home/bps1407/public_html/ppd/index.php(44): CodeIgniter\CodeIgniter->run()
#8 {main}
ERROR - 2021-06-07 16:52:18 --> Error connecting to the database: Access denied for user '****'@'localhost' to database 'bps1407_ppd'
CRITICAL - 2021-06-07 16:52:18 --> Unable to connect to the database.
#0 /home/bps1407/public_html/ppd/ppd/framework/Database/BaseConnection.php(618): CodeIgniter\Database\BaseConnection->initialize()
#1 /home/bps1407/public_html/ppd/ppd/framework/Database/BaseBuilder.php(1866): CodeIgniter\Database\BaseConnection->query('SELECT *\nFROM `...', Array, false)
#2 /home/bps1407/public_html/ppd/ppd/app/Libraries/Settings.php(20): CodeIgniter\Database\BaseBuilder->get()
#3 /home/bps1407/public_html/ppd/ppd/app/Filters/UserAuth.php(22): App\Libraries\Settings->config('maintenance')
#4 /home/bps1407/public_html/ppd/ppd/framework/Filters/Filters.php(181): App\Filters\UserAuth->before(Object(CodeIgniter\HTTP\IncomingRequest), Array)
#5 /home/bps1407/public_html/ppd/ppd/framework/CodeIgniter.php(403): CodeIgniter\Filters\Filters->run('en', 'before')
#6 /home/bps1407/public_html/ppd/ppd/framework/CodeIgniter.php(333): CodeIgniter\CodeIgniter->handleRequest(NULL, Object(Config\Cache), false)
#7 /home/bps1407/public_html/ppd/index.php(44): CodeIgniter\CodeIgniter->run()
#8 {main}
ERROR - 2021-06-07 16:52:20 --> Error connecting to the database: Access denied for user '****'@'localhost' to database 'bps1407_ppd'
CRITICAL - 2021-06-07 16:52:20 --> Unable to connect to the database.
#0 /home/bps1407/public_html/ppd/ppd/framework/Database/BaseConnection.php(618): CodeIgniter\Database\BaseConnection->initialize()
#1 /home/bps1407/public_html/ppd/ppd/framework/Database/BaseBuilder.php(1866): CodeIgniter\Database\BaseConnection->query('SELECT *\nFROM `...', Array, false)
#2 /home/bps1407/public_html/ppd/ppd/app/Libraries/Settings.php(20): CodeIgniter\Database\BaseBuilder->get()
#3 /home/bps1407/public_html/ppd/ppd/app/Filters/UserAuth.php(22): App\Libraries\Settings->config('maintenance')
#4 /home/bps1407/public_html/ppd/ppd/framework/Filters/Filters.php(181): App\Filters\UserAuth->before(Object(CodeIgniter\HTTP\IncomingRequest), Array)
#5 /home/bps1407/public_html/ppd/ppd/framework/CodeIgniter.php(403): CodeIgniter\Filters\Filters->run('en', 'before')
#6 /home/bps1407/public_html/ppd/ppd/framework/CodeIgniter.php(333): CodeIgniter\CodeIgniter->handleRequest(NULL, Object(Config\Cache), false)
#7 /home/bps1407/public_html/ppd/index.php(44): CodeIgniter\CodeIgniter->run()
#8 {main}
ERROR - 2021-06-07 16:52:56 --> Error connecting to the database: Access denied for user '****'@'localhost' to database 'bps1407_ppd'
CRITICAL - 2021-06-07 16:52:56 --> Unable to connect to the database.
#0 /home/bps1407/public_html/ppd/ppd/framework/Database/BaseConnection.php(618): CodeIgniter\Database\BaseConnection->initialize()
#1 /home/bps1407/public_html/ppd/ppd/framework/Database/BaseBuilder.php(1866): CodeIgniter\Database\BaseConnection->query('SELECT *\nFROM `...', Array, false)
#2 /home/bps1407/public_html/ppd/ppd/app/Libraries/Settings.php(20): CodeIgniter\Database\BaseBuilder->get()
#3 /home/bps1407/public_html/ppd/ppd/app/Filters/UserAuth.php(22): App\Libraries\Settings->config('maintenance')
#4 /home/bps1407/public_html/ppd/ppd/framework/Filters/Filters.php(181): App\Filters\UserAuth->before(Object(CodeIgniter\HTTP\IncomingRequest), Array)
#5 /home/bps1407/public_html/ppd/ppd/framework/CodeIgniter.php(403): CodeIgniter\Filters\Filters->run('en', 'before')
#6 /home/bps1407/public_html/ppd/ppd/framework/CodeIgniter.php(333): CodeIgniter\CodeIgniter->handleRequest(NULL, Object(Config\Cache), false)
#7 /home/bps1407/public_html/ppd/index.php(44): CodeIgniter\CodeIgniter->run()
#8 {main}
CRITICAL - 2021-06-07 16:53:57 --> ini_set() has been disabled for security reasons
#0 [internal function]: CodeIgniter\Debug\Exceptions->errorHandler(2, 'ini_set() has b...', '/home/bps1407/p...', 80, Array)
#1 /home/bps1407/public_html/ppd/ppd/framework/Session/Handlers/FileHandler.php(80): ini_set('session.save_pa...', '/home/bps1407/p...')
#2 /home/bps1407/public_html/ppd/ppd/framework/Config/Services.php(706): CodeIgniter\Session\Handlers\FileHandler->__construct(Object(Config\App), '10.0.39.254')
#3 /home/bps1407/public_html/ppd/ppd/framework/Config/BaseService.php(100): CodeIgniter\Config\Services::session(Object(Config\App), false)
#4 /home/bps1407/public_html/ppd/ppd/framework/Config/Services.php(699): CodeIgniter\Config\BaseService::getSharedInstance('session', NULL)
#5 /home/bps1407/public_html/ppd/ppd/app/Libraries/Client.php(36): CodeIgniter\Config\Services::session()
#6 /home/bps1407/public_html/ppd/ppd/app/Filters/UserAuth.php(25): App\Libraries\Client->isOnline()
#7 /home/bps1407/public_html/ppd/ppd/framework/Filters/Filters.php(181): App\Filters\UserAuth->before(Object(CodeIgniter\HTTP\IncomingRequest), Array)
#8 /home/bps1407/public_html/ppd/ppd/framework/CodeIgniter.php(403): CodeIgniter\Filters\Filters->run('en', 'before')
#9 /home/bps1407/public_html/ppd/ppd/framework/CodeIgniter.php(333): CodeIgniter\CodeIgniter->handleRequest(NULL, Object(Config\Cache), false)
#10 /home/bps1407/public_html/ppd/index.php(44): CodeIgniter\CodeIgniter->run()
#11 {main}
CRITICAL - 2021-06-07 16:53:59 --> ini_set() has been disabled for security reasons
#0 [internal function]: CodeIgniter\Debug\Exceptions->errorHandler(2, 'ini_set() has b...', '/home/bps1407/p...', 80, Array)
#1 /home/bps1407/public_html/ppd/ppd/framework/Session/Handlers/FileHandler.php(80): ini_set('session.save_pa...', '/home/bps1407/p...')
#2 /home/bps1407/public_html/ppd/ppd/framework/Config/Services.php(706): CodeIgniter\Session\Handlers\FileHandler->__construct(Object(Config\App), '10.0.39.254')
#3 /home/bps1407/public_html/ppd/ppd/framework/Config/BaseService.php(100): CodeIgniter\Config\Services::session(Object(Config\App), false)
#4 /home/bps1407/public_html/ppd/ppd/framework/Config/Services.php(699): CodeIgniter\Config\BaseService::getSharedInstance('session', NULL)
#5 /home/bps1407/public_html/ppd/ppd/app/Libraries/Client.php(36): CodeIgniter\Config\Services::session()
#6 /home/bps1407/public_html/ppd/ppd/app/Filters/UserAuth.php(25): App\Libraries\Client->isOnline()
#7 /home/bps1407/public_html/ppd/ppd/framework/Filters/Filters.php(181): App\Filters\UserAuth->before(Object(CodeIgniter\HTTP\IncomingRequest), Array)
#8 /home/bps1407/public_html/ppd/ppd/framework/CodeIgniter.php(403): CodeIgniter\Filters\Filters->run('en', 'before')
#9 /home/bps1407/public_html/ppd/ppd/framework/CodeIgniter.php(333): CodeIgniter\CodeIgniter->handleRequest(NULL, Object(Config\Cache), false)
#10 /home/bps1407/public_html/ppd/index.php(44): CodeIgniter\CodeIgniter->run()
#11 {main}
CRITICAL - 2021-06-07 16:54:02 --> ini_set() has been disabled for security reasons
#0 [internal function]: CodeIgniter\Debug\Exceptions->errorHandler(2, 'ini_set() has b...', '/home/bps1407/p...', 80, Array)
#1 /home/bps1407/public_html/ppd/ppd/framework/Session/Handlers/FileHandler.php(80): ini_set('session.save_pa...', '/home/bps1407/p...')
#2 /home/bps1407/public_html/ppd/ppd/framework/Config/Services.php(706): CodeIgniter\Session\Handlers\FileHandler->__construct(Object(Config\App), '10.0.39.254')
#3 /home/bps1407/public_html/ppd/ppd/framework/Config/BaseService.php(100): CodeIgniter\Config\Services::session(Object(Config\App), false)
#4 /home/bps1407/public_html/ppd/ppd/framework/Config/Services.php(699): CodeIgniter\Config\BaseService::getSharedInstance('session', NULL)
#5 /home/bps1407/public_html/ppd/ppd/app/Libraries/Client.php(36): CodeIgniter\Config\Services::session()
#6 /home/bps1407/public_html/ppd/ppd/app/Filters/UserAuth.php(25): App\Libraries\Client->isOnline()
#7 /home/bps1407/public_html/ppd/ppd/framework/Filters/Filters.php(181): App\Filters\UserAuth->before(Object(CodeIgniter\HTTP\IncomingRequest), Array)
#8 /home/bps1407/public_html/ppd/ppd/framework/CodeIgniter.php(403): CodeIgniter\Filters\Filters->run('en', 'before')
#9 /home/bps1407/public_html/ppd/ppd/framework/CodeIgniter.php(333): CodeIgniter\CodeIgniter->handleRequest(NULL, Object(Config\Cache), false)
#10 /home/bps1407/public_html/ppd/index.php(44): CodeIgniter\CodeIgniter->run()
#11 {main}
CRITICAL - 2021-06-07 16:56:20 --> ini_set() has been disabled for security reasons
#0 [internal function]: CodeIgniter\Debug\Exceptions->errorHandler(2, 'ini_set() has b...', '/home/bps1407/p...', 80, Array)
#1 /home/bps1407/public_html/ppd/ppd/framework/Session/Handlers/FileHandler.php(80): ini_set('session.save_pa...', '/home/bps1407/p...')
#2 /home/bps1407/public_html/ppd/ppd/framework/Config/Services.php(706): CodeIgniter\Session\Handlers\FileHandler->__construct(Object(Config\App), '10.0.39.254')
#3 /home/bps1407/public_html/ppd/ppd/framework/Config/BaseService.php(100): CodeIgniter\Config\Services::session(Object(Config\App), false)
#4 /home/bps1407/public_html/ppd/ppd/framework/Config/Services.php(699): CodeIgniter\Config\BaseService::getSharedInstance('session', NULL)
#5 /home/bps1407/public_html/ppd/ppd/app/Libraries/Client.php(36): CodeIgniter\Config\Services::session()
#6 /home/bps1407/public_html/ppd/ppd/app/Filters/UserAuth.php(25): App\Libraries\Client->isOnline()
#7 /home/bps1407/public_html/ppd/ppd/framework/Filters/Filters.php(181): App\Filters\UserAuth->before(Object(CodeIgniter\HTTP\IncomingRequest), Array)
#8 /home/bps1407/public_html/ppd/ppd/framework/CodeIgniter.php(403): CodeIgniter\Filters\Filters->run('en', 'before')
#9 /home/bps1407/public_html/ppd/ppd/framework/CodeIgniter.php(333): CodeIgniter\CodeIgniter->handleRequest(NULL, Object(Config\Cache), false)
#10 /home/bps1407/public_html/ppd/index.php(44): CodeIgniter\CodeIgniter->run()
#11 {main}
CRITICAL - 2021-06-07 16:59:09 --> ini_set() has been disabled for security reasons
#0 [internal function]: CodeIgniter\Debug\Exceptions->errorHandler(2, 'ini_set() has b...', '/home/bps1407/p...', 80, Array)
#1 /home/bps1407/public_html/ppd/ppd/framework/Session/Handlers/FileHandler.php(80): ini_set('session.save_pa...', '/home/bps1407/p...')
#2 /home/bps1407/public_html/ppd/ppd/framework/Config/Services.php(706): CodeIgniter\Session\Handlers\FileHandler->__construct(Object(Config\App), '10.0.39.254')
#3 /home/bps1407/public_html/ppd/ppd/framework/Config/BaseService.php(100): CodeIgniter\Config\Services::session(Object(Config\App), false)
#4 /home/bps1407/public_html/ppd/ppd/framework/Config/Services.php(699): CodeIgniter\Config\BaseService::getSharedInstance('session', NULL)
#5 /home/bps1407/public_html/ppd/ppd/app/Libraries/Client.php(36): CodeIgniter\Config\Services::session()
#6 /home/bps1407/public_html/ppd/ppd/app/Filters/UserAuth.php(25): App\Libraries\Client->isOnline()
#7 /home/bps1407/public_html/ppd/ppd/framework/Filters/Filters.php(181): App\Filters\UserAuth->before(Object(CodeIgniter\HTTP\IncomingRequest), Array)
#8 /home/bps1407/public_html/ppd/ppd/framework/CodeIgniter.php(403): CodeIgniter\Filters\Filters->run('en', 'before')
#9 /home/bps1407/public_html/ppd/ppd/framework/CodeIgniter.php(333): CodeIgniter\CodeIgniter->handleRequest(NULL, Object(Config\Cache), false)
#10 /home/bps1407/public_html/ppd/index.php(44): CodeIgniter\CodeIgniter->run()
#11 {main}
CRITICAL - 2021-06-07 17:01:11 --> Invalid argument supplied for foreach()
#0 /home/bps1407/public_html/ppd/ppd/app/Views/staff/tickets.php(108): CodeIgniter\Debug\Exceptions->errorHandler(2, 'Invalid argumen...', '/home/bps1407/p...', 108, Array)
#1 /home/bps1407/public_html/ppd/ppd/framework/View/View.php(220): include('/home/bps1407/p...')
#2 /home/bps1407/public_html/ppd/ppd/framework/View/View.php(222): CodeIgniter\View\View->CodeIgniter\View\{closure}()
#3 /home/bps1407/public_html/ppd/ppd/framework/Common.php(1217): CodeIgniter\View\View->render('staff/tickets', Array, true)
#4 /home/bps1407/public_html/ppd/ppd/app/Controllers/Staff/Tickets.php(80): view('staff/tickets', Array)
#5 /home/bps1407/public_html/ppd/ppd/framework/CodeIgniter.php(936): App\Controllers\Staff\Tickets->manage('main')
#6 /home/bps1407/public_html/ppd/ppd/framework/CodeIgniter.php(432): CodeIgniter\CodeIgniter->runController(Object(App\Controllers\Staff\Tickets))
#7 /home/bps1407/public_html/ppd/ppd/framework/CodeIgniter.php(333): CodeIgniter\CodeIgniter->handleRequest(NULL, Object(Config\Cache), false)
#8 /home/bps1407/public_html/ppd/index.php(44): CodeIgniter\CodeIgniter->run()
#9 {main}
